2007.04.20 12:06 B E:\Final Project\earth.html --> ftp.xmission.com /home/ftp/pub/users/w/worthen/incoming/Section_3/Gonzales_Elliott earth.html
2007.04.20 12:06 B E:\Final Project\earth.jpeg --> ftp.xmission.com /home/ftp/pub/users/w/worthen/incoming/Section_3/Gonzales_Elliott earth.jpeg
2007.04.20 12:06 B E:\Final Project\index.html --> ftp.xmission.com /home/ftp/pub/users/w/worthen/incoming/Section_3/Gonzales_Elliott index.html
2007.04.20 12:06 B E:\Final Project\Jupiter.html --> ftp.xmission.com /home/ftp/pub/users/w/worthen/incoming/Section_3/Gonzales_Elliott Jupiter.html
2007.04.20 12:06 B E:\Final Project\jupiterPic1.jpg --> ftp.xmission.com /home/ftp/pub/users/w/worthen/incoming/Section_3/Gonzales_Elliott jupiterPic1.jpg
2007.04.20 12:06 B E:\Final Project\mainpage.html --> ftp.xmission.com /home/ftp/pub/users/w/worthen/incoming/Section_3/Gonzales_Elliott mainpage.html
2007.04.20 12:06 B E:\Final Project\mainpic.jpg --> ftp.xmission.com /home/ftp/pub/users/w/worthen/incoming/Section_3/Gonzales_Elliott mainpic.jpg
2007.04.20 12:06 B E:\Final Project\mars.html --> ftp.xmission.com /home/ftp/pub/users/w/worthen/incoming/Section_3/Gonzales_Elliott mars.html
2007.04.20 12:06 B E:\Final Project\mars.jpg --> ftp.xmission.com /home/ftp/pub/users/w/worthen/incoming/Section_3/Gonzales_Elliott mars.jpg
2007.04.20 12:06 B E:\Final Project\mercury.gif --> ftp.xmission.com /home/ftp/pub/users/w/worthen/incoming/Section_3/Gonzales_Elliott mercury.gif
2007.04.20 12:06 B E:\Final Project\mercury.html --> ftp.xmission.com /home/ftp/pub/users/w/worthen/incoming/Section_3/Gonzales_Elliott mercury.html
2007.04.20 12:06 B E:\Final Project\neptune.html --> ftp.xmission.com /home/ftp/pub/users/w/worthen/incoming/Section_3/Gonzales_Elliott neptune.html
2007.04.20 12:06 B E:\Final Project\neptune.jpg --> ftp.xmission.com /home/ftp/pub/users/w/worthen/incoming/Section_3/Gonzales_Elliott neptune.jpg
2007.04.20 12:06 B E:\Final Project\pluto.html --> ftp.xmission.com /home/ftp/pub/users/w/worthen/incoming/Section_3/Gonzales_Elliott pluto.html
2007.04.20 12:06 B E:\Final Project\pluto.jpg --> ftp.xmission.com /home/ftp/pub/users/w/worthen/incoming/Section_3/Gonzales_Elliott pluto.jpg
2007.04.20 12:06 B E:\Final Project\saturn.gif --> ftp.xmission.com /home/ftp/pub/users/w/worthen/incoming/Section_3/Gonzales_Elliott saturn.gif
2007.04.20 12:06 B E:\Final Project\saturn.html --> ftp.xmission.com /home/ftp/pub/users/w/worthen/incoming/Section_3/Gonzales_Elliott saturn.html
2007.04.20 12:06 B E:\Final Project\solarsystem2.jpg --> ftp.xmission.com /home/ftp/pub/users/w/worthen/incoming/Section_3/Gonzales_Elliott solarsystem2.jpg
2007.04.20 12:06 B E:\Final Project\sun.html --> ftp.xmission.com /home/ftp/pub/users/w/worthen/incoming/Section_3/Gonzales_Elliott sun.html
2007.04.20 12:06 B E:\Final Project\sun.jpg --> ftp.xmission.com /home/ftp/pub/users/w/worthen/incoming/Section_3/Gonzales_Elliott sun.jpg
2007.04.20 12:06 B E:\Final Project\uranus.html --> ftp.xmission.com /home/ftp/pub/users/w/worthen/incoming/Section_3/Gonzales_Elliott uranus.html
2007.04.20 12:06 B E:\Final Project\uranus.jpg --> ftp.xmission.com /home/ftp/pub/users/w/worthen/incoming/Section_3/Gonzales_Elliott uranus.jpg
2007.04.20 12:06 B E:\Final Project\venus.html --> ftp.xmission.com /home/ftp/pub/users/w/worthen/incoming/Section_3/Gonzales_Elliott venus.html
2007.04.20 12:06 B E:\Final Project\venus2.gif --> ftp.xmission.com /home/ftp/pub/users/w/worthen/incoming/Section_3/Gonzales_Elliott venus2.gif
